<?xml version="1.0" encoding="UTF-8"?>
<!-- Generated by org.testng.reporters.JUnitReportReporter -->
<testsuite skipped="0" hostname="AbHiGyAn-PC" name="com.bikewale.test.TestNG" tests="4" failures="0" timestamp="2020-07-13T13:55:49 IST" time="18.015" errors="0">
  <testcase name="validate" time="0.044" classname="com.bikewale.test.TestNG"/>
  <system-out/>
  <testcase name="filtering" time="9.459" classname="com.bikewale.test.TestNG"/>
  <system-out/>
  <testcase name="writing" time="7.936" classname="com.bikewale.test.TestNG"/>
  <system-out/>
  <testcase name="picture" time="0.576" classname="com.bikewale.test.TestNG"/>
  <system-out/>
</testsuite> <!-- com.bikewale.test.TestNG -->
